<?xml version="1.0" encoding="UTF-8"?>
<!-- Generated by org.testng.reporters.JUnitXMLReporter -->
<testsuite hostname="dell" ignored="2" name="Test" tests="4" failures="0" timestamp="2021-11-10T17:49:35 IST" time="66.918" errors="0">
  <testcase name="createOrg" time="8.744" classname="com.vtiger.testng.CreateorgwithbaseTest"/>
  <testcase name="createOrgIndType" time="8.554" classname="com.vtiger.testng.CreateorgwithbaseTest"/>
  <testcase name="createContact" time="5.679" classname="com.vtiger.testng.CreateContactwithBaseTest"/>
  <testcase name="createorgandContact" time="16.149" classname="com.vtiger.testng.CreateContactwithBaseTest"/>
  <testcase name="@AfterSuite configclosedb" time="0.0" classname="com.crm.comcast.generic.BaseClase">
    <ignored/>
  </testcase> <!-- @AfterSuite configclosedb -->
  <testcase name="@BeforeSuite configdb" time="0.0" classname="com.crm.comcast.generic.BaseClase">
    <ignored/>
  </testcase> <!-- @BeforeSuite configdb -->
</testsuite> <!-- Test -->
